<?xml version="1.0" encoding="UTF-8"?>
<testsuites name="Mocha Tests" time="8.075" tests="1" failures="0">
  <testsuite name="Root Suite" timestamp="2025-06-24T20:27:09" tests="0" file="cypress\e2e\Test1.cy.js" time="0.000" failures="0">
  </testsuite>
  <testsuite name="My First Test" timestamp="2025-06-24T20:27:09" tests="1" time="8.065" failures="0">
    <testcase name="My First Test Visits the Kitchen Sink" time="5.022" classname="Visits the Kitchen Sink">
    </testcase>
  </testsuite>
</testsuites>